<?xml version="1.0" encoding="UTF-8"?>
<!-- Generated by org.testng.reporters.JUnitXMLReporter -->
<testsuite ignored="0" hostname="DESKTOP-DTIM0N6" failures="0" tests="3" name="Test" time="38.092" errors="0" timestamp="2021-09-07T21:12:12 IST">
  <testcase classname="testcases.ValidLoginLogoutTest" name="testValidLoginLogout" time="8.313"/>
  <testcase classname="testcases.InvalidLogintest" name="testInvalidLogin" time="2.69"/>
  <testcase classname="testcases.VerifyVersionTest" name="testVersion" time="0.158"/>
</testsuite> <!-- Test -->
