<?xml version="1.0" encoding="UTF-8"?>
<testng-results ignored="0" total="3" passed="3" failed="0" skipped="0">
  <reporter-output>
    <line>
      <![CDATA[Title is matching: actiTIME - Login]]>
    </line>
    <line>
      <![CDATA[Title is matching: actiTIME - Enter Time-Track]]>
    </line>
    <line>
      <![CDATA[Title is matching: actiTIME - Login]]>
    </line>
    <line>
      <![CDATA[Title is matching: actiTIME - Login]]>
    </line>
    <line>
      <![CDATA[Element is presentUsername or Password is invalid. Please try again.]]>
    </line>
    <line>
      <![CDATA[Title is matching: actiTIME - Login]]>
    </line>
    <line>
      <![CDATA[Version is matching]]>
    </line>
  </reporter-output>
  <suite started-at="2021-09-07T21:11:34 IST" name="Suite" finished-at="2021-09-07T21:12:12 IST" duration-ms="38092">
    <groups>
    </groups>
    <test started-at="2021-09-07T21:11:34 IST" name="Test" finished-at="2021-09-07T21:12:12 IST" duration-ms="38092">
      <class name="testcases.InvalidLogintest">
        <test-method is-config="true" signature="precondition()[pri:0, instance:testcases.InvalidLogintest@13fd2ccd]" started-at="2021-09-07T21:11:53 IST" name="precondition" finished-at="2021-09-07T21:12:01 IST" duration-ms="8153" status="PASS">
          <reporter-output>
          </reporter-output>
        </test-method> <!-- precondition -->
        <test-method signature="testInvalidLogin()[pri:0, instance:testcases.InvalidLogintest@13fd2ccd]" started-at="2021-09-07T21:12:01 IST" name="testInvalidLogin" finished-at="2021-09-07T21:12:04 IST" duration-ms="2690" status="PASS">
          <reporter-output>
            <line>
              <![CDATA[Title is matching: actiTIME - Login]]>
            </line>
            <line>
              <![CDATA[Element is presentUsername or Password is invalid. Please try again.]]>
            </line>
          </reporter-output>
        </test-method> <!-- testInvalidLogin -->
        <test-method is-config="true" signature="postcondition()[pri:0, instance:testcases.InvalidLogintest@13fd2ccd]" started-at="2021-09-07T21:12:04 IST" name="postcondition" finished-at="2021-09-07T21:12:04 IST" duration-ms="85" status="PASS">
          <reporter-output>
          </reporter-output>
        </test-method> <!-- postcondition -->
      </class> <!-- testcases.InvalidLogintest -->
      <class name="testcases.ValidLoginLogoutTest">
        <test-method is-config="true" signature="precondition()[pri:0, instance:testcases.ValidLoginLogoutTest@43dac38f]" started-at="2021-09-07T21:11:34 IST" name="precondition" finished-at="2021-09-07T21:11:44 IST" duration-ms="10687" status="PASS">
          <reporter-output>
          </reporter-output>
        </test-method> <!-- precondition -->
        <test-method signature="testValidLoginLogout()[pri:0, instance:testcases.ValidLoginLogoutTest@43dac38f]" started-at="2021-09-07T21:11:44 IST" name="testValidLoginLogout" finished-at="2021-09-07T21:11:53 IST" duration-ms="8313" status="PASS">
          <reporter-output>
            <line>
              <![CDATA[Title is matching: actiTIME - Login]]>
            </line>
            <line>
              <![CDATA[Title is matching: actiTIME - Enter Time-Track]]>
            </line>
            <line>
              <![CDATA[Title is matching: actiTIME - Login]]>
            </line>
          </reporter-output>
        </test-method> <!-- testValidLoginLogout -->
        <test-method is-config="true" signature="postcondition()[pri:0, instance:testcases.ValidLoginLogoutTest@43dac38f]" started-at="2021-09-07T21:11:53 IST" name="postcondition" finished-at="2021-09-07T21:11:53 IST" duration-ms="153" status="PASS">
          <reporter-output>
          </reporter-output>
        </test-method> <!-- postcondition -->
      </class> <!-- testcases.ValidLoginLogoutTest -->
      <class name="testcases.VerifyVersionTest">
        <test-method is-config="true" signature="precondition()[pri:0, instance:testcases.VerifyVersionTest@b9b00e0]" started-at="2021-09-07T21:12:04 IST" name="precondition" finished-at="2021-09-07T21:12:11 IST" duration-ms="7696" status="PASS">
          <reporter-output>
          </reporter-output>
        </test-method> <!-- precondition -->
        <test-method signature="testVersion()[pri:0, instance:testcases.VerifyVersionTest@b9b00e0]" started-at="2021-09-07T21:12:11 IST" name="testVersion" finished-at="2021-09-07T21:12:12 IST" duration-ms="158" status="PASS">
          <reporter-output>
            <line>
              <![CDATA[Title is matching: actiTIME - Login]]>
            </line>
            <line>
              <![CDATA[Version is matching]]>
            </line>
          </reporter-output>
        </test-method> <!-- testVersion -->
        <test-method is-config="true" signature="postcondition()[pri:0, instance:testcases.VerifyVersionTest@b9b00e0]" started-at="2021-09-07T21:12:12 IST" name="postcondition" finished-at="2021-09-07T21:12:12 IST" duration-ms="101" status="PASS">
          <reporter-output>
          </reporter-output>
        </test-method> <!-- postcondition -->
      </class> <!-- testcases.VerifyVersionTest -->
    </test> <!-- Test -->
  </suite> <!-- Suite -->
</testng-results>
